<?xml version="1.0" encoding="UTF-8"?>
<!-- Generated by org.testng.reporters.JUnitXMLReporter -->
<testsuite ignored="0" hostname="OBL-COM-0279" failures="2" tests="7" name="Surefire test" time="33.335" errors="0" timestamp="2022-10-05T22:26:22 TRT">
  <testcase classname="services.pet.CreatePetTest" name="createPetHappyPath" time="0.97"/>
  <testcase classname="services.pet.DeletePetTest" name="deletePetHappyPath" time="0.588">
    <failure type="java.lang.AssertionError" message="expected [200] but found [405]">
      <![CDATA[java.lang.AssertionError: expected [200] but found [405]
at services.pet.DeletePetTest.deletePetHappyPath(DeletePetTest.java:21)
at java.base/java.util.ArrayList.forEach(ArrayList.java:1511)
... Removed 37 stack frames]]>
    </failure>
  </testcase> <!-- deletePetHappyPath -->
  <testcase classname="services.pet.FindPetByStatusTest" name="findPetByStatusCheckWithInvalidStatus" time="0.532"/>
  <testcase classname="services.pet.FindPetByStatusTest" name="findPetByStatusCheckWithNullStatus" time="0.547">
    <failure type="java.lang.AssertionError" message="expected [[]] but found [[{&amp;quot;id&amp;quot;:11,&amp;quot;name&amp;quot;:&amp;quot;teroSr&amp;quot;,&amp;quot;photoUrls&amp;quot;:[],&amp;quot;tags&amp;quot;:[{&amp;quot;id&amp;quot;:11,&amp;quot;name&amp;quot;:&amp;quot;teroSr&amp;quot;}],&amp;quot;status&amp;quot;:&amp;quot;&amp;quot;}]]">
      <![CDATA[java.lang.AssertionError: expected [[]] but found [[{"id":11,"name":"teroSr","photoUrls":[],"tags":[{"id":11,"name":"teroSr"}],"status":""}]]
at services.pet.FindPetByStatusTest.findPetByStatusCheckWithNullStatus(FindPetByStatusTest.java:33)
at java.base/java.util.ArrayList.forEach(ArrayList.java:1511)
... Removed 37 stack frames]]>
    </failure>
  </testcase> <!-- findPetByStatusCheckWithNullStatus -->
  <testcase classname="services.pet.FindPetByStatusTest" name="findPetByStatusCheckWithWhiteSpaceStatus" time="0.52"/>
  <testcase classname="services.pet.FindPetByStatusTest" name="findPetByStatusHappyPath" time="26.576"/>
  <testcase classname="services.pet.UpdatePetTest" name="updatePetHappyPath" time="0.546"/>
</testsuite> <!-- Surefire test -->
