<?xml version="1.0" encoding="UTF-8"?>
<!-- Generated by org.testng.reporters.JUnitXMLReporter -->
<testsuite ignored="0" hostname="OBL-COM-0279" failures="1" tests="9" name="Command line test" time="49.201" errors="0" timestamp="2022-10-05T17:40:11 TRT">
  <testcase classname="services.pet.CreatePetTest" name="createPetHappyPath" time="2.443"/>
  <testcase classname="services.pet.CreatePetTest" name="createTestNegatives" time="0.552"/>
  <testcase classname="services.pet.DeletePetTest" name="deletePetHappyPath" time="1.612">
    <failure type="java.lang.AssertionError" message="expected [200] but found [405]">
      <![CDATA[java.lang.AssertionError: expected [200] but found [405]
at services.pet.DeletePetTest.deletePetHappyPath(DeletePetTest.java:18)
at java.base/java.util.ArrayList.forEach(ArrayList.java:1511)
... Removed 43 stack frames]]>
    </failure>
  </testcase> <!-- deletePetHappyPath -->
  <testcase classname="services.pet.FindPetByStatusTest" name="findPetByStatusCheckWithInvalidStatus" time="0.518"/>
  <testcase classname="services.pet.FindPetByStatusTest" name="findPetByStatusCheckWithNullStatus" time="0.539"/>
  <testcase classname="services.pet.FindPetByStatusTest" name="findPetByStatusCheckWithWhiteSpaceStatus" time="0.522"/>
  <testcase classname="services.pet.FindPetByStatusTest" name="findPetByStatusHappyPath" time="41.909"/>
  <testcase classname="services.pet.UpdatePetTest" name="updatePetHappyPath" time="0.554"/>
  <testcase classname="services.pet.UpdatePetTest" name="updatePetNegativeCases" time="0.518"/>
</testsuite> <!-- Command line test -->
